<?xml version="1.0" encoding="UTF-8"?>
<!-- Generated by org.testng.reporters.JUnitReportReporter -->
<testsuite skipped="0" hostname="DESKTOP-UF1E5UH" name="com.banking.testcases.Tc_LoginTest_001" tests="1" failures="0" timestamp="2023-01-31T15:29:19 IST" time="23.720" errors="0">
  <testcase name="loginTest" time="23.720" classname="com.banking.testcases.Tc_LoginTest_001"/>
  <system-out/>
</testsuite> <!-- com.banking.testcases.Tc_LoginTest_001 -->
